<?xml version="1.0" encoding="UTF-8"?>
<!-- Generated by org.testng.reporters.JUnitXMLReporter -->
<testsuite ignored="0" hostname="LAPTOP-1BHPJFC0" failures="1" tests="1" name="test0" time="0.011" errors="0" timestamp="2022-05-12T11:45:01 IST">
  <testcase classname="sele.Parameters" name="f" time="0.0">
    <failure type="org.testng.TestNGException" message="
Parameter &amp;apos;v1&amp;apos; is required by @Test on method f but has not been marked @Optional or defined
in C:\Users\Aditi\eclipse-workspace\sel\para.xml">
      <![CDATA[org.testng.TestNGException: 
Parameter 'v1' is required by @Test on method f but has not been marked @Optional or defined
in C:\Users\Aditi\eclipse-workspace\sel\para.xml
at java.base/java.util.ArrayList.forEach(ArrayList.java:1511)
... Removed 26 stack frames]]>
    </failure>
  </testcase> <!-- f -->
</testsuite> <!-- test0 -->
